
2024/06/02 (17:12:31) | ===> btop++ v.1.3.2
2024/06/02 (17:12:31) | ERROR: Exception during Config::unlock() : unordered_map::at

2024/06/11 (12:22:52) | ===> btop++ v.1.3.2
2024/06/11 (12:22:52) | ERROR: Exception during Config::unlock() : unordered_map::at

2024/06/14 (04:53:07) | ===> btop++ v.1.3.2
2024/06/14 (04:53:08) | ERROR: Stall in Runner thread, restarting!
2024/06/14 (04:54:09) | ERROR: Runner thread died unexpectedly!

2024/06/14 (05:17:27) | ===> btop++ v.1.3.2
2024/06/14 (05:17:27) | ERROR: Exception during Config::unlock() : unordered_map::at

2024/06/14 (05:36:45) | ===> btop++ v.1.3.2
2024/06/14 (05:36:45) | ERROR: Stall in Runner thread, restarting!
2024/06/14 (05:36:52) | ERROR: Stall in Runner thread, restarting!
2024/06/14 (05:36:58) | ERROR: Stall in Runner thread, restarting!
2024/06/14 (05:37:05) | ERROR: Stall in Runner thread, restarting!

2024/06/15 (04:52:45) | ===> btop++ v.1.3.2
2024/06/15 (04:52:45) | ERROR: Stall in Runner thread, restarting!
2024/06/15 (04:53:45) | ERROR: Stall in Runner thread, restarting!
2024/06/15 (04:56:36) | ERROR: Stall in Runner thread, restarting!
2024/06/15 (04:56:42) | ERROR: Stall in Runner thread, restarting!
2024/06/15 (04:56:50) | ERROR: Stall in Runner thread, restarting!

2024/06/23 (12:01:49) | ===> btop++ v.1.3.2
2024/06/23 (12:01:49) | WARNING: Failed to join _runner thread on exit!

2024/06/23 (12:06:42) | ===> btop++ v.1.3.2
2024/06/23 (12:06:42) | ERROR: Exception during Config::unlock() : unordered_map::at

2024/06/27 (16:08:12) | ===> btop++ v.1.3.2
2024/06/27 (16:08:12) | ERROR: Stall in Runner thread, restarting!

2024/07/01 (05:41:52) | ===> btop++ v.1.3.2
2024/07/01 (05:41:52) | ERROR: Stall in Runner thread, restarting!

2024/07/04 (12:57:49) | ===> btop++ v.1.3.2
2024/07/04 (12:57:49) | ERROR: Exception during Config::unlock() : unordered_map::at

2024/07/04 (13:10:16) | ===> btop++ v.1.3.2
2024/07/04 (13:10:16) | ERROR: Exception during Config::unlock() : unordered_map::at

2024/07/04 (18:49:37) | ===> btop++ v.1.3.2
2024/07/04 (18:49:37) | ERROR: Stall in Runner thread, restarting!

2024/07/05 (01:55:37) | ===> btop++ v.1.3.2
2024/07/05 (01:55:37) | ERROR: Stall in Runner thread, restarting!

2024/07/10 (05:49:39) | ===> btop++ v.1.3.2
2024/07/10 (05:49:39) | ERROR: Couldn't determine terminal size of "STDOUT_FILENO"!
2024/07/10 (05:49:39) | ERROR: Couldn't determine terminal size of "/dev/tty"!

2024/07/15 (12:01:21) | ===> btop++ v.1.3.2
2024/07/15 (12:01:21) | ERROR: Stall in Runner thread, restarting!
2024/07/15 (12:01:39) | ERROR: Stall in Runner thread, restarting!
2024/07/15 (14:17:47) | ERROR: Stall in Runner thread, restarting!
2024/07/15 (14:17:53) | ERROR: Stall in Runner thread, restarting!

2024/07/15 (14:20:15) | ===> btop++ v.1.3.2
2024/07/15 (14:20:15) | ERROR: Exception during Config::unlock() : unordered_map::at

2024/07/15 (17:42:38) | ===> btop++ v.1.3.2
2024/07/15 (17:42:39) | ERROR: Stall in Runner thread, restarting!
2024/07/15 (17:42:55) | ERROR: Stall in Runner thread, restarting!

2024/08/01 (02:32:55) | ===> btop++ v.1.3.2
2024/08/01 (02:32:55) | ERROR: Stall in Runner thread, restarting!

2024/10/07 (23:42:15) | ===> btop++ v.1.3.2
2024/10/07 (23:42:15) | ERROR: No tty detected!
btop++ needs an interactive shell to run.

2024/12/08 (02:27:42) | ===> btop++ v.1.4.0
2024/12/08 (02:27:42) | WARNING: Intel GPU: Failed to initialize PMU

2024/12/17 (14:25:27) | ===> btop++ v.1.4.0
2024/12/17 (14:25:27) | WARNING: Intel GPU: Failed to initialize PMU

2024/12/18 (15:22:25) | ===> btop++ v.1.4.0
2024/12/18 (15:22:25) | WARNING: Intel GPU: Failed to initialize PMU

2024/12/21 (17:06:10) | ===> btop++ v.1.4.0
2024/12/21 (17:06:10) | WARNING: Intel GPU: Failed to initialize PMU

2024/12/27 (06:10:05) | ===> btop++ v.1.4.0
2024/12/27 (06:10:05) | WARNING: Intel GPU: Failed to initialize PMU

2024/12/28 (09:39:02) | ===> btop++ v.1.4.0
2024/12/28 (09:39:02) | WARNING: Intel GPU: Failed to initialize PMU

2024/12/28 (09:39:11) | ===> btop++ v.1.4.0
2024/12/28 (09:39:11) | WARNING: Intel GPU: Failed to initialize PMU

2024/12/30 (23:37:20) | ===> btop++ v.1.4.0
2024/12/30 (23:37:20) | WARNING: Intel GPU: Failed to initialize PMU

2024/12/30 (23:39:02) | ===> btop++ v.1.4.0
2024/12/30 (23:39:02) | WARNING: Intel GPU: Failed to initialize PMU

2024/12/31 (00:29:59) | ===> btop++ v.1.4.0
2024/12/31 (00:29:59) | ERROR: Couldn't determine terminal size of "STDOUT_FILENO"!
2024/12/31 (00:29:59) | ERROR: Couldn't determine terminal size of "STDOUT_FILENO"!
2024/12/31 (00:29:59) | ERROR: Couldn't determine terminal size of "STDOUT_FILENO"!
2024/12/31 (00:29:59) | ERROR: Couldn't determine terminal size of "STDOUT_FILENO"!
2024/12/31 (00:29:59) | WARNING: Intel GPU: Failed to initialize PMU
2024/12/31 (00:29:59) | ERROR: Couldn't determine terminal size of "STDOUT_FILENO"!
2024/12/31 (00:29:59) | ERROR: Couldn't determine terminal size of "STDOUT_FILENO"!
2024/12/31 (00:29:59) | ERROR: Couldn't determine terminal size of "STDOUT_FILENO"!
2024/12/31 (00:29:59) | ERROR: Couldn't determine terminal size of "STDOUT_FILENO"!
2024/12/31 (00:30:00) | ERROR: Couldn't determine terminal size of "STDOUT_FILENO"!
2024/12/31 (00:30:00) | ERROR: Couldn't determine terminal size of "STDOUT_FILENO"!
2024/12/31 (00:30:00) | ERROR: Couldn't determine terminal size of "STDOUT_FILENO"!
2024/12/31 (00:30:01) | ERROR: Couldn't determine terminal size of "STDOUT_FILENO"!
2024/12/31 (00:30:01) | ERROR: Couldn't determine terminal size of "STDOUT_FILENO"!
2024/12/31 (00:30:01) | ERROR: Couldn't determine terminal size of "STDOUT_FILENO"!
2024/12/31 (00:30:02) | ERROR: Couldn't determine terminal size of "STDOUT_FILENO"!
2024/12/31 (00:30:02) | ERROR: Couldn't determine terminal size of "STDOUT_FILENO"!
2024/12/31 (00:30:02) | ERROR: Couldn't determine terminal size of "STDOUT_FILENO"!
2024/12/31 (00:30:03) | ERROR: Couldn't determine terminal size of "STDOUT_FILENO"!
2024/12/31 (00:30:03) | ERROR: Couldn't determine terminal size of "STDOUT_FILENO"!
2024/12/31 (00:30:03) | ERROR: Couldn't determine terminal size of "STDOUT_FILENO"!
2024/12/31 (00:30:03) | ERROR: Couldn't determine terminal size of "STDOUT_FILENO"!
2024/12/31 (00:30:03) | ERROR: Couldn't determine terminal size of "STDOUT_FILENO"!
2024/12/31 (00:30:03) | ERROR: Couldn't determine terminal size of "STDOUT_FILENO"!
2024/12/31 (00:30:03) | ERROR: Couldn't determine terminal size of "STDOUT_FILENO"!
2024/12/31 (00:30:03) | ERROR: Couldn't determine terminal size of "STDOUT_FILENO"!
2024/12/31 (00:30:04) | ERROR: Couldn't determine terminal size of "STDOUT_FILENO"!
2024/12/31 (00:30:04) | ERROR: Couldn't determine terminal size of "STDOUT_FILENO"!
2024/12/31 (00:30:04) | ERROR: Couldn't determine terminal size of "STDOUT_FILENO"!
2024/12/31 (00:30:05) | ERROR: Couldn't determine terminal size of "STDOUT_FILENO"!
2024/12/31 (00:30:05) | ERROR: Couldn't determine terminal size of "STDOUT_FILENO"!
2024/12/31 (00:30:05) | ERROR: Couldn't determine terminal size of "STDOUT_FILENO"!
2024/12/31 (00:30:06) | ERROR: Couldn't determine terminal size of "STDOUT_FILENO"!
2024/12/31 (00:30:06) | ERROR: Couldn't determine terminal size of "STDOUT_FILENO"!
2024/12/31 (00:30:06) | ERROR: Couldn't determine terminal size of "STDOUT_FILENO"!
2024/12/31 (00:30:06) | ERROR: Couldn't determine terminal size of "STDOUT_FILENO"!
2024/12/31 (00:30:07) | ERROR: Couldn't determine terminal size of "STDOUT_FILENO"!
2024/12/31 (00:30:07) | ERROR: Couldn't determine terminal size of "STDOUT_FILENO"!
2024/12/31 (00:30:07) | ERROR: Couldn't determine terminal size of "STDOUT_FILENO"!
2024/12/31 (00:30:08) | ERROR: Couldn't determine terminal size of "STDOUT_FILENO"!
2024/12/31 (00:30:08) | ERROR: Couldn't determine terminal size of "STDOUT_FILENO"!
2024/12/31 (00:30:08) | ERROR: Couldn't determine terminal size of "STDOUT_FILENO"!
2024/12/31 (00:30:09) | ERROR: Couldn't determine terminal size of "STDOUT_FILENO"!
2024/12/31 (00:30:09) | ERROR: Couldn't determine terminal size of "STDOUT_FILENO"!
2024/12/31 (00:30:09) | ERROR: Couldn't determine terminal size of "STDOUT_FILENO"!
2024/12/31 (00:30:09) | ERROR: Couldn't determine terminal size of "STDOUT_FILENO"!
2024/12/31 (00:30:10) | ERROR: Couldn't determine terminal size of "STDOUT_FILENO"!
2024/12/31 (00:30:10) | ERROR: Couldn't determine terminal size of "STDOUT_FILENO"!
2024/12/31 (00:30:10) | ERROR: Couldn't determine terminal size of "STDOUT_FILENO"!
2024/12/31 (00:30:11) | ERROR: Couldn't determine terminal size of "STDOUT_FILENO"!
2024/12/31 (00:30:11) | ERROR: Couldn't determine terminal size of "STDOUT_FILENO"!
2024/12/31 (00:30:11) | ERROR: Couldn't determine terminal size of "STDOUT_FILENO"!
2024/12/31 (00:30:12) | ERROR: Couldn't determine terminal size of "STDOUT_FILENO"!
2024/12/31 (00:30:12) | ERROR: Couldn't determine terminal size of "STDOUT_FILENO"!
2024/12/31 (00:30:12) | ERROR: Couldn't determine terminal size of "STDOUT_FILENO"!
2024/12/31 (00:30:12) | ERROR: Couldn't determine terminal size of "STDOUT_FILENO"!
2024/12/31 (00:30:13) | ERROR: Couldn't determine terminal size of "STDOUT_FILENO"!
2024/12/31 (00:30:13) | ERROR: Couldn't determine terminal size of "STDOUT_FILENO"!
2024/12/31 (00:30:13) | ERROR: Couldn't determine terminal size of "STDOUT_FILENO"!
2024/12/31 (00:30:14) | ERROR: Couldn't determine terminal size of "STDOUT_FILENO"!
2024/12/31 (00:30:14) | ERROR: Couldn't determine terminal size of "STDOUT_FILENO"!
2024/12/31 (00:30:14) | ERROR: Couldn't determine terminal size of "STDOUT_FILENO"!
2024/12/31 (00:30:15) | ERROR: Couldn't determine terminal size of "STDOUT_FILENO"!
2024/12/31 (00:30:15) | ERROR: Couldn't determine terminal size of "STDOUT_FILENO"!
2024/12/31 (00:30:15) | ERROR: Couldn't determine terminal size of "STDOUT_FILENO"!
2024/12/31 (00:30:15) | ERROR: Couldn't determine terminal size of "STDOUT_FILENO"!
2024/12/31 (00:30:16) | ERROR: Couldn't determine terminal size of "STDOUT_FILENO"!
2024/12/31 (00:30:16) | ERROR: Couldn't determine terminal size of "STDOUT_FILENO"!
2024/12/31 (00:30:16) | ERROR: Couldn't determine terminal size of "STDOUT_FILENO"!
2024/12/31 (00:30:17) | ERROR: Couldn't determine terminal size of "STDOUT_FILENO"!

2024/12/31 (00:59:59) | ===> btop++ v.1.4.0
2024/12/31 (00:59:59) | WARNING: Intel GPU: Failed to initialize PMU

2024/12/31 (01:41:14) | ===> btop++ v.1.4.0
2024/12/31 (01:41:14) | WARNING: Intel GPU: Failed to initialize PMU

2025/01/08 (17:27:22) | ===> btop++ v.1.4.0
2025/01/08 (17:27:22) | WARNING: Intel GPU: Failed to initialize PMU
2025/01/08 (17:27:31) | ERROR: Stall in Runner thread, restarting!
